/* vim: set filetype=vim : */

times in msec
 clock   self+sourced   self:  sourced script
 clock   elapsed:              other lines

000.010  000.010: --- VIM STARTING ---
000.195  000.185: Allocated generic buffers
000.909  000.714: locale set
000.929  000.020: window checked
002.924  001.995: inits 1
002.946  000.022: parsing arguments
002.950  000.004: expanding arguments
003.013  000.063: shell init
003.959  000.946: Termcap init
004.005  000.046: inits 2
004.325  000.320: init highlight
005.054  000.513  000.513: sourcing $VIM/vimrc
007.280  000.986  000.986: sourcing /usr/share/vim/vim80/syntax/syncolor.vim
007.602  001.634  000.648: sourcing /usr/share/vim/vim80/syntax/synload.vim
030.759  000.061  000.061: sourcing /Users/wangxueming/.vim/ftdetect/help.vim
030.855  000.051  000.051: sourcing /Users/wangxueming/.vim/ftdetect/howdoi.vim
030.950  000.055  000.055: sourcing /Users/wangxueming/.vim/ftdetect/log.vim
031.040  000.050  000.050: sourcing /Users/wangxueming/.vim/ftdetect/template.vim
031.189  023.322  023.105: sourcing /usr/share/vim/vim80/filetype.vim
031.234  025.662  000.706: sourcing /usr/share/vim/vim80/syntax/syntax.vim
031.393  000.063  000.063: sourcing /usr/share/vim/vim80/filetype.vim
031.536  000.055  000.055: sourcing /usr/share/vim/vim80/ftplugin.vim
031.669  000.048  000.048: sourcing /usr/share/vim/vim80/indent.vim
035.259  000.433  000.433: sourcing /usr/share/vim/vim80/syntax/syncolor.vim
035.958  000.414  000.414: sourcing /usr/share/vim/vim80/syntax/syncolor.vim
036.561  000.419  000.419: sourcing /usr/share/vim/vim80/syntax/syncolor.vim
036.591  002.011  000.745: sourcing /usr/share/vim/vim80/colors/default.vim
037.208  000.253  000.253: sourcing /usr/share/vim/vim80/syntax/nosyntax.vim
037.929  000.308  000.308: sourcing /usr/share/vim/vim80/syntax/syncolor.vim
038.377  000.310  000.310: sourcing /usr/share/vim/vim80/syntax/syncolor.vim
038.407  001.010  000.392: sourcing /usr/share/vim/vim80/colors/default.vim
038.512  001.220  000.210: sourcing /usr/share/vim/vim80/syntax/synload.vim
038.549  001.687  000.214: sourcing /usr/share/vim/vim80/syntax/syntax.vim
038.713  000.015  000.015: sourcing /Users/wangxueming/F3.vim
038.795  000.025  000.025: sourcing /Users/wangxueming/Show.vim
038.873  000.029  000.029: sourcing /Users/wangxueming/Count_words.vim
038.937  000.017  000.017: sourcing /Users/wangxueming/Number.vim
039.002  000.020  000.020: sourcing /Users/wangxueming/Min.vim
039.087  000.033  000.033: sourcing /Users/wangxueming/wxm.vim
039.092  033.820  004.155: sourcing $HOME/.vimrc
039.097  000.439: sourcing vimrc file(s)
040.077  000.199  000.199: sourcing /Users/wangxueming/.vim/plugin/autocommand.vim
040.922  000.802  000.802: sourcing /Users/wangxueming/.vim/plugin/command.vim
041.003  000.039  000.039: sourcing /Users/wangxueming/.vim/plugin/completefunc.vim
041.125  000.082  000.082: sourcing /Users/wangxueming/.vim/plugin/function.vim
041.846  000.263  000.263: sourcing /usr/share/vim/vim80/pack/dist/opt/justify/plugin/justify.vim
041.922  000.757  000.494: sourcing /Users/wangxueming/.vim/plugin/justify.vim
042.298  000.335  000.335: sourcing /Users/wangxueming/.vim/plugin/mapping.vim
043.489  000.742  000.742: sourcing /usr/share/vim/vim80/pack/dist/opt/matchit/plugin/matchit.vim
043.572  001.233  000.491: sourcing /Users/wangxueming/.vim/plugin/matchit.vim
044.379  000.763  000.763: sourcing /Users/wangxueming/.vim/plugin/taglist.vim
044.450  000.021  000.021: sourcing /Users/wangxueming/.vim/plugin/thesaurus.vim
045.004  000.089  000.089: sourcing /usr/share/vim/vim80/plugin/getscriptPlugin.vim
045.462  000.406  000.406: sourcing /usr/share/vim/vim80/plugin/gzip.vim
045.856  000.334  000.334: sourcing /usr/share/vim/vim80/plugin/logiPat.vim
045.936  000.023  000.023: sourcing /usr/share/vim/vim80/plugin/manpager.vim
046.236  000.244  000.244: sourcing /usr/share/vim/vim80/plugin/matchparen.vim
046.947  000.652  000.652: sourcing /usr/share/vim/vim80/plugin/netrwPlugin.vim
047.036  000.025  000.025: sourcing /usr/share/vim/vim80/plugin/rrhelper.vim
047.128  000.041  000.041: sourcing /usr/share/vim/vim80/plugin/spellfile.vim
047.376  000.197  000.197: sourcing /usr/share/vim/vim80/plugin/tarPlugin.vim
047.566  000.132  000.132: sourcing /usr/share/vim/vim80/plugin/tohtml.vim
047.841  000.221  000.221: sourcing /usr/share/vim/vim80/plugin/vimballPlugin.vim
048.125  000.227  000.227: sourcing /usr/share/vim/vim80/plugin/zipPlugin.vim
048.134  002.215: loading plugins
048.678  000.256  000.256: sourcing /Users/wangxueming/.vim/pack/tpope/start/commentary/plugin/commentary.vim
049.555  000.693  000.693: sourcing /Users/wangxueming/.vim/pack/tpope/start/surround/plugin/surround.vim
049.761  000.026  000.026: sourcing /Users/wangxueming/.vim/pack/wangxueming/start/complete/plugin/completeimport.vim
049.877  000.768: loading packages
050.082  000.027  000.027: sourcing /Users/wangxueming/.vim/after/plugin/autocommand.vim
050.140  000.015  000.015: sourcing /Users/wangxueming/.vim/after/plugin/mapping.vim
050.145  000.226: loading after plugins
050.154  000.009: inits 3
050.688  000.534: reading viminfo
050.724  000.036: setting raw mode
050.732  000.008: start termcap
050.743  000.011: clearing screen
052.545  001.802: opening buffers
052.597  000.052: BufEnter autocommands
052.604  000.007: editing files in windows
057.175  004.384  004.384: sourcing /Users/wangxueming/.vim/plugin/taglist.vim
057.625  000.376  000.376: sourcing /Users/wangxueming/.vim/plugin/taglist.vim
057.871  000.507: VimEnter autocommands
057.873  000.002: before starting main loop
058.321  000.448: first screen update
058.326  000.005: --- VIM STARTED ---
